<?xml version="1.0" encoding="UTF-8"?>
<!-- Generated by org.testng.reporters.JUnitReportReporter -->
<testsuite ignored="0" hostname="DESKTOP-NCRGUPU" failures="0" tests="1" name="com.testng.suitetest.Test2" time="0.001" errors="0" timestamp="01 11æœˆ 2020 09:13:11 GMT" skipped="0">
  <testcase classname="com.testng.suitetest.Test2" name="testSalutationMessage" time="0.001"/>
</testsuite> <!-- com.testng.suitetest.Test2 -->
